{"/Users/royossai/WebstormProjects/authorizer/src/index.ts": {"path":"/Users/royossai/WebstormProjects/authorizer/src/index.ts","statementMap":{"0":{"start":{"line":1,"column":0},"end":{"line":1,"column":9}},"1":{"start":{"line":1,"column":9},"end":{"line":1,"column":75}},"2":{"start":{"line":2,"column":0},"end":{"line":2,"column":9}},"3":{"start":{"line":2,"column":9},"end":{"line":2,"column":77}},"4":{"start":{"line":3,"column":0},"end":{"line":3,"column":9}},"5":{"start":{"line":3,"column":9},"end":{"line":3,"column":74}},"6":{"start":{"line":4,"column":0},"end":{"line":4,"column":9}},"7":{"start":{"line":4,"column":9},"end":{"line":4,"column":77}},"8":{"start":{"line":5,"column":0},"end":{"line":5,"column":9}},"9":{"start":{"line":5,"column":9},"end":{"line":5,"column":21}},"10":{"start":{"line":5,"column":21},"end":{"line":5,"column":33}},"11":{"start":{"line":5,"column":33},"end":{"line":5,"column":49}},"12":{"start":{"line":5,"column":49},"end":{"line":5,"column":62}},"13":{"start":{"line":5,"column":62},"end":{"line":5,"column":133}}},"fnMap":{"0":{"name":"(anonymous_0)","decl":{"start":{"line":1,"column":9},"end":{"line":1,"column":28}},"loc":{"start":{"line":1,"column":9},"end":{"line":1,"column":75}}},"1":{"name":"(anonymous_1)","decl":{"start":{"line":2,"column":9},"end":{"line":2,"column":29}},"loc":{"start":{"line":2,"column":9},"end":{"line":2,"column":77}}},"2":{"name":"(anonymous_2)","decl":{"start":{"line":3,"column":9},"end":{"line":3,"column":27}},"loc":{"start":{"line":3,"column":9},"end":{"line":3,"column":74}}},"3":{"name":"(anonymous_3)","decl":{"start":{"line":4,"column":9},"end":{"line":4,"column":29}},"loc":{"start":{"line":4,"column":9},"end":{"line":4,"column":77}}},"4":{"name":"(anonymous_4)","decl":{"start":{"line":5,"column":9},"end":{"line":5,"column":19}},"loc":{"start":{"line":5,"column":9},"end":{"line":5,"column":21}}},"5":{"name":"(anonymous_5)","decl":{"start":{"line":5,"column":21},"end":{"line":5,"column":31}},"loc":{"start":{"line":5,"column":21},"end":{"line":5,"column":33}}},"6":{"name":"(anonymous_6)","decl":{"start":{"line":5,"column":33},"end":{"line":5,"column":47}},"loc":{"start":{"line":5,"column":33},"end":{"line":5,"column":49}}},"7":{"name":"(anonymous_7)","decl":{"start":{"line":5,"column":49},"end":{"line":5,"column":60}},"loc":{"start":{"line":5,"column":49},"end":{"line":5,"column":62}}},"8":{"name":"(anonymous_8)","decl":{"start":{"line":5,"column":62},"end":{"line":5,"column":82}},"loc":{"start":{"line":5,"column":62},"end":{"line":5,"column":133}}}},"branchMap":{},"s":{"0":1,"1":2,"2":1,"3":2,"4":1,"5":2,"6":1,"7":2,"8":1,"9":2,"10":2,"11":3,"12":3,"13":2},"f":{"0":1,"1":1,"2":1,"3":1,"4":1,"5":1,"6":2,"7":2,"8":1},"b":{}}
,"/Users/royossai/WebstormProjects/authorizer/src/pondsocket.ts": {"path":"/Users/royossai/WebstormProjects/authorizer/src/pondsocket.ts","statementMap":{"0":{"start":{"line":1,"column":0},"end":{"line":1,"column":44}},"1":{"start":{"line":4,"column":0},"end":{"line":4,"column":77}},"2":{"start":{"line":7,"column":7},"end":{"line":13,"column":null}},"3":{"start":{"line":8,"column":34},"end":{"line":8,"column":56}},"4":{"start":{"line":11,"column":8},"end":{"line":11,"column":60}},"5":{"start":{"line":7,"column":13},"end":{"line":7,"column":37}},"6":{"start":{"line":7,"column":13},"end":{"line":13,"column":null}}},"fnMap":{"0":{"name":"(anonymous_2)","decl":{"start":{"line":8,"column":4},"end":{"line":8,"column":34}},"loc":{"start":{"line":8,"column":76},"end":{"line":8,"column":80}}},"1":{"name":"(anonymous_3)","decl":{"start":{"line":10,"column":4},"end":{"line":10,"column":15}},"loc":{"start":{"line":10,"column":33},"end":{"line":12,"column":5}}}},"branchMap":{},"s":{"0":1,"1":1,"2":1,"3":2,"4":2,"5":1,"6":1},"f":{"0":2,"1":2},"b":{}}
,"/Users/royossai/WebstormProjects/authorizer/src/authorization/authorization.constants.ts": {"path":"/Users/royossai/WebstormProjects/authorizer/src/authorization/authorization.constants.ts","statementMap":{"0":{"start":{"line":1,"column":13},"end":{"line":1,"column":57}},"1":{"start":{"line":2,"column":13},"end":{"line":2,"column":49}},"2":{"start":{"line":3,"column":13},"end":{"line":3,"column":55}},"3":{"start":{"line":4,"column":13},"end":{"line":4,"column":71}},"4":{"start":{"line":5,"column":13},"end":{"line":5,"column":63}},"5":{"start":{"line":6,"column":13},"end":{"line":6,"column":57}}},"fnMap":{},"branchMap":{},"s":{"0":8,"1":8,"2":8,"3":8,"4":8,"5":8},"f":{},"b":{}}
,"/Users/royossai/WebstormProjects/authorizer/src/authorization/authorization.context.ts": {"path":"/Users/royossai/WebstormProjects/authorizer/src/authorization/authorization.context.ts","statementMap":{"0":{"start":{"line":9,"column":46},"end":{"line":9,"column":48}},"1":{"start":{"line":12,"column":8},"end":{"line":12,"column":54}},"2":{"start":{"line":13,"column":8},"end":{"line":13,"column":32}},"3":{"start":{"line":17,"column":8},"end":{"line":17,"column":30}},"4":{"start":{"line":21,"column":8},"end":{"line":21,"column":31}},"5":{"start":{"line":25,"column":8},"end":{"line":27,"column":9}},"6":{"start":{"line":26,"column":12},"end":{"line":26,"column":61}},"7":{"start":{"line":29,"column":8},"end":{"line":29,"column":49}},"8":{"start":{"line":33,"column":8},"end":{"line":35,"column":9}},"9":{"start":{"line":34,"column":12},"end":{"line":34,"column":63}},"10":{"start":{"line":37,"column":8},"end":{"line":37,"column":40}},"11":{"start":{"line":41,"column":8},"end":{"line":41,"column":40}},"12":{"start":{"line":45,"column":8},"end":{"line":45,"column":42}},"13":{"start":{"line":49,"column":8},"end":{"line":59,"column":9}},"14":{"start":{"line":50,"column":13},"end":{"line":50,"column":58}},"15":{"start":{"line":52,"column":29},"end":{"line":52,"column":91}},"16":{"start":{"line":54,"column":12},"end":{"line":58,"column":13}},"17":{"start":{"line":55,"column":16},"end":{"line":55,"column":36}},"18":{"start":{"line":57,"column":16},"end":{"line":57,"column":39}},"19":{"start":{"line":63,"column":8},"end":{"line":65,"column":9}},"20":{"start":{"line":64,"column":12},"end":{"line":64,"column":71}},"21":{"start":{"line":67,"column":25},"end":{"line":67,"column":87}},"22":{"start":{"line":69,"column":8},"end":{"line":71,"column":9}},"23":{"start":{"line":70,"column":12},"end":{"line":70,"column":37}},"24":{"start":{"line":73,"column":8},"end":{"line":73,"column":46}},"25":{"start":{"line":4,"column":0},"end":{"line":4,"column":13}}},"fnMap":{"0":{"name":"(anonymous_0)","decl":{"start":{"line":11,"column":4},"end":{"line":11,"column":17}},"loc":{"start":{"line":11,"column":52},"end":{"line":14,"column":5}}},"1":{"name":"(anonymous_1)","decl":{"start":{"line":16,"column":4},"end":{"line":16,"column":8}},"loc":{"start":{"line":16,"column":16},"end":{"line":18,"column":5}}},"2":{"name":"(anonymous_2)","decl":{"start":{"line":20,"column":4},"end":{"line":20,"column":8}},"loc":{"start":{"line":20,"column":14},"end":{"line":22,"column":5}}},"3":{"name":"(anonymous_3)","decl":{"start":{"line":24,"column":4},"end":{"line":24,"column":18}},"loc":{"start":{"line":24,"column":18},"end":{"line":30,"column":5}}},"4":{"name":"(anonymous_4)","decl":{"start":{"line":32,"column":4},"end":{"line":32,"column":20}},"loc":{"start":{"line":32,"column":20},"end":{"line":38,"column":5}}},"5":{"name":"(anonymous_5)","decl":{"start":{"line":40,"column":4},"end":{"line":40,"column":12}},"loc":{"start":{"line":40,"column":12},"end":{"line":42,"column":5}}},"6":{"name":"(anonymous_6)","decl":{"start":{"line":44,"column":4},"end":{"line":44,"column":14}},"loc":{"start":{"line":44,"column":14},"end":{"line":46,"column":5}}},"7":{"name":"(anonymous_7)","decl":{"start":{"line":48,"column":4},"end":{"line":48,"column":11}},"loc":{"start":{"line":48,"column":36},"end":{"line":60,"column":5}}},"8":{"name":"(anonymous_8)","decl":{"start":{"line":62,"column":4},"end":{"line":62,"column":11}},"loc":{"start":{"line":62,"column":27},"end":{"line":74,"column":5}}}},"branchMap":{"0":{"loc":{"start":{"line":25,"column":8},"end":{"line":27,"column":9}},"type":"if","locations":[{"start":{"line":25,"column":8},"end":{"line":27,"column":9}},{"start":{},"end":{}}]},"1":{"loc":{"start":{"line":33,"column":8},"end":{"line":35,"column":9}},"type":"if","locations":[{"start":{"line":33,"column":8},"end":{"line":35,"column":9}},{"start":{},"end":{}}]},"2":{"loc":{"start":{"line":49,"column":8},"end":{"line":59,"column":9}},"type":"if","locations":[{"start":{"line":49,"column":8},"end":{"line":59,"column":9}},{"start":{"line":51,"column":15},"end":{"line":59,"column":9}}]},"3":{"loc":{"start":{"line":54,"column":12},"end":{"line":58,"column":13}},"type":"if","locations":[{"start":{"line":54,"column":12},"end":{"line":58,"column":13}},{"start":{"line":56,"column":19},"end":{"line":58,"column":13}}]},"4":{"loc":{"start":{"line":63,"column":8},"end":{"line":65,"column":9}},"type":"if","locations":[{"start":{"line":63,"column":8},"end":{"line":65,"column":9}},{"start":{},"end":{}}]},"5":{"loc":{"start":{"line":69,"column":8},"end":{"line":71,"column":9}},"type":"if","locations":[{"start":{"line":69,"column":8},"end":{"line":71,"column":9}},{"start":{},"end":{}}]},"6":{"loc":{"start":{"line":69,"column":12},"end":{"line":69,"column":35}},"type":"binary-expr","locations":[{"start":{"line":69,"column":12},"end":{"line":69,"column":19}},{"start":{"line":69,"column":23},"end":{"line":69,"column":35}}]},"7":{"loc":{"start":{"line":73,"column":16},"end":{"line":73,"column":45}},"type":"binary-expr","locations":[{"start":{"line":73,"column":16},"end":{"line":73,"column":37}},{"start":{"line":73,"column":41},"end":{"line":73,"column":45}}]}},"s":{"0":42,"1":42,"2":42,"3":3,"4":2,"5":2,"6":1,"7":1,"8":2,"9":1,"10":1,"11":25,"12":25,"13":38,"14":7,"15":31,"16":31,"17":31,"18":0,"19":7,"20":1,"21":6,"22":6,"23":3,"24":3,"25":8},"f":{"0":42,"1":3,"2":2,"3":2,"4":2,"5":25,"6":25,"7":38,"8":7},"b":{"0":[1,1],"1":[1,1],"2":[7,31],"3":[31,0],"4":[1,6],"5":[3,3],"6":[6,6],"7":[3,3]}}
,"/Users/royossai/WebstormProjects/authorizer/src/authorization/authorization.decorators.ts": {"path":"/Users/royossai/WebstormProjects/authorizer/src/authorization/authorization.decorators.ts","statementMap":{"0":{"start":{"line":22,"column":0},"end":{"line":22,"column":16}},"1":{"start":{"line":38,"column":0},"end":{"line":38,"column":16}},"2":{"start":{"line":42,"column":0},"end":{"line":42,"column":16}},"3":{"start":{"line":1,"column":0},"end":{"line":1,"column":null}},"4":{"start":{"line":10,"column":0},"end":{"line":10,"column":115}},"5":{"start":{"line":11,"column":0},"end":{"line":11,"column":63}},"6":{"start":{"line":16,"column":56},"end":{"line":16,"column":60}},"7":{"start":{"line":18,"column":0},"end":{"line":20,"column":10}},"8":{"start":{"line":19,"column":4},"end":{"line":19,"column":88}},"9":{"start":{"line":23,"column":17},"end":{"line":24,"column":null}},"10":{"start":{"line":24,"column":48},"end":{"line":24,"column":85}},"11":{"start":{"line":27,"column":15},"end":{"line":33,"column":9}},"12":{"start":{"line":29,"column":43},"end":{"line":29,"column":87}},"13":{"start":{"line":32,"column":12},"end":{"line":32,"column":97}},"14":{"start":{"line":35,"column":4},"end":{"line":35,"column":34}},"15":{"start":{"line":39,"column":4},"end":{"line":39,"column":76}},"16":{"start":{"line":43,"column":4},"end":{"line":43,"column":53}},"17":{"start":{"line":46,"column":13},"end":{"line":56,"column":2}},"18":{"start":{"line":48,"column":24},"end":{"line":48,"column":73}},"19":{"start":{"line":50,"column":8},"end":{"line":52,"column":9}},"20":{"start":{"line":51,"column":12},"end":{"line":51,"column":64}},"21":{"start":{"line":54,"column":8},"end":{"line":54,"column":23}},"22":{"start":{"line":58,"column":13},"end":{"line":68,"column":2}},"23":{"start":{"line":60,"column":21},"end":{"line":60,"column":64}},"24":{"start":{"line":62,"column":8},"end":{"line":64,"column":9}},"25":{"start":{"line":63,"column":12},"end":{"line":63,"column":61}},"26":{"start":{"line":66,"column":8},"end":{"line":66,"column":20}}},"fnMap":{"0":{"name":"createParamDecorator","decl":{"start":{"line":22,"column":16},"end":{"line":22,"column":36}},"loc":{"start":{"line":22,"column":65},"end":{"line":36,"column":1}}},"1":{"name":"(anonymous_1)","decl":{"start":{"line":24,"column":8},"end":{"line":24,"column":9}},"loc":{"start":{"line":24,"column":48},"end":{"line":24,"column":85}}},"2":{"name":"(anonymous_2)","decl":{"start":{"line":29,"column":12},"end":{"line":29,"column":13}},"loc":{"start":{"line":29,"column":43},"end":{"line":29,"column":87}}},"3":{"name":"(anonymous_3)","decl":{"start":{"line":31,"column":10},"end":{"line":31,"column":13}},"loc":{"start":{"line":31,"column":15},"end":{"line":33,"column":9}}},"4":{"name":"Authorizer","decl":{"start":{"line":38,"column":16},"end":{"line":38,"column":26}},"loc":{"start":{"line":38,"column":26},"end":{"line":40,"column":1}}},"5":{"name":"CanPerform","decl":{"start":{"line":42,"column":16},"end":{"line":42,"column":26}},"loc":{"start":{"line":42,"column":56},"end":{"line":44,"column":1}}},"6":{"name":"(anonymous_6)","decl":{"start":{"line":47,"column":4},"end":{"line":47,"column":5}},"loc":{"start":{"line":47,"column":51},"end":{"line":55,"column":5}}},"7":{"name":"(anonymous_7)","decl":{"start":{"line":59,"column":4},"end":{"line":59,"column":5}},"loc":{"start":{"line":59,"column":48},"end":{"line":67,"column":5}}}},"branchMap":{"0":{"loc":{"start":{"line":27,"column":15},"end":{"line":33,"column":9}},"type":"cond-expr","locations":[{"start":{"line":28,"column":10},"end":{"line":29,"column":null}},{"start":{"line":31,"column":10},"end":{"line":33,"column":9}}]},"1":{"loc":{"start":{"line":50,"column":8},"end":{"line":52,"column":9}},"type":"if","locations":[{"start":{"line":50,"column":8},"end":{"line":52,"column":9}},{"start":{},"end":{}}]},"2":{"loc":{"start":{"line":62,"column":8},"end":{"line":64,"column":9}},"type":"if","locations":[{"start":{"line":62,"column":8},"end":{"line":64,"column":9}},{"start":{},"end":{}}]}},"s":{"0":3,"1":3,"2":3,"3":3,"4":3,"5":3,"6":3,"7":3,"8":3,"9":8,"10":5,"11":8,"12":0,"13":0,"14":8,"15":4,"16":7,"17":3,"18":2,"19":2,"20":1,"21":1,"22":3,"23":2,"24":2,"25":1,"26":1},"f":{"0":8,"1":5,"2":0,"3":0,"4":4,"5":7,"6":2,"7":2},"b":{"0":[8,0],"1":[1,1],"2":[1,1]}}
,"/Users/royossai/WebstormProjects/authorizer/src/authorization/authorization.guards.ts": {"path":"/Users/royossai/WebstormProjects/authorizer/src/authorization/authorization.guards.ts","statementMap":{"0":{"start":{"line":1,"column":0},"end":{"line":1,"column":75}},"1":{"start":{"line":3,"column":0},"end":{"line":3,"column":63}},"2":{"start":{"line":6,"column":7},"end":{"line":12,"column":null}},"3":{"start":{"line":7,"column":34},"end":{"line":7,"column":56}},"4":{"start":{"line":10,"column":8},"end":{"line":10,"column":60}},"5":{"start":{"line":6,"column":13},"end":{"line":6,"column":31}},"6":{"start":{"line":6,"column":13},"end":{"line":12,"column":null}}},"fnMap":{"0":{"name":"(anonymous_2)","decl":{"start":{"line":7,"column":4},"end":{"line":7,"column":34}},"loc":{"start":{"line":7,"column":76},"end":{"line":7,"column":80}}},"1":{"name":"(anonymous_3)","decl":{"start":{"line":9,"column":4},"end":{"line":9,"column":15}},"loc":{"start":{"line":9,"column":42},"end":{"line":11,"column":5}}}},"branchMap":{},"s":{"0":2,"1":2,"2":2,"3":3,"4":3,"5":2,"6":2},"f":{"0":3,"1":3},"b":{}}
,"/Users/royossai/WebstormProjects/authorizer/src/authorization/authorization.module.ts": {"path":"/Users/royossai/WebstormProjects/authorizer/src/authorization/authorization.module.ts","statementMap":{"0":{"start":{"line":2,"column":0},"end":{"line":2,"column":47}},"1":{"start":{"line":4,"column":0},"end":{"line":4,"column":67}},"2":{"start":{"line":6,"column":0},"end":{"line":6,"column":63}},"3":{"start":{"line":10,"column":35},"end":{"line":13,"column":10}},"4":{"start":{"line":15,"column":8},"end":{"line":21,"column":10}},"5":{"start":{"line":25,"column":35},"end":{"line":29,"column":10}},"6":{"start":{"line":31,"column":8},"end":{"line":37,"column":10}},"7":{"start":{"line":8,"column":0},"end":{"line":8,"column":13}}},"fnMap":{"0":{"name":"(anonymous_0)","decl":{"start":{"line":9,"column":4},"end":{"line":9,"column":10}},"loc":{"start":{"line":9,"column":48},"end":{"line":22,"column":5}}},"1":{"name":"(anonymous_1)","decl":{"start":{"line":24,"column":4},"end":{"line":24,"column":10}},"loc":{"start":{"line":24,"column":65},"end":{"line":38,"column":5}}}},"branchMap":{"0":{"loc":{"start":{"line":34,"column":43},"end":{"line":34,"column":64}},"type":"binary-expr","locations":[{"start":{"line":34,"column":43},"end":{"line":34,"column":58}},{"start":{"line":34,"column":62},"end":{"line":34,"column":64}}]}},"s":{"0":2,"1":2,"2":2,"3":4,"4":4,"5":5,"6":5,"7":2},"f":{"0":4,"1":5},"b":{"0":[5,4]}}
,"/Users/royossai/WebstormProjects/authorizer/src/authorization/authorization.service.ts": {"path":"/Users/royossai/WebstormProjects/authorizer/src/authorization/authorization.service.ts","statementMap":{"0":{"start":{"line":1,"column":0},"end":{"line":1,"column":47}},"1":{"start":{"line":2,"column":0},"end":{"line":2,"column":null}},"2":{"start":{"line":9,"column":0},"end":{"line":9,"column":59}},"3":{"start":{"line":11,"column":0},"end":{"line":11,"column":139}},"4":{"start":{"line":12,"column":0},"end":{"line":12,"column":63}},"5":{"start":{"line":16,"column":7},"end":{"line":88,"column":null}},"6":{"start":{"line":17,"column":43},"end":{"line":17,"column":45}},"7":{"start":{"line":20,"column":25},"end":{"line":20,"column":43}},"8":{"start":{"line":21,"column":25},"end":{"line":21,"column":36}},"9":{"start":{"line":22,"column":57},"end":{"line":22,"column":85}},"10":{"start":{"line":26,"column":26},"end":{"line":26,"column":62}},"11":{"start":{"line":28,"column":8},"end":{"line":31,"column":62}},"12":{"start":{"line":29,"column":38},"end":{"line":29,"column":94}},"13":{"start":{"line":30,"column":38},"end":{"line":30,"column":46}},"14":{"start":{"line":31,"column":35},"end":{"line":31,"column":60}},"15":{"start":{"line":35,"column":28},"end":{"line":35,"column":68}},"16":{"start":{"line":36,"column":28},"end":{"line":36,"column":60}},"17":{"start":{"line":37,"column":21},"end":{"line":37,"column":71}},"18":{"start":{"line":39,"column":8},"end":{"line":47,"column":9}},"19":{"start":{"line":40,"column":28},"end":{"line":40,"column":57}},"20":{"start":{"line":42,"column":12},"end":{"line":42,"column":56}},"21":{"start":{"line":43,"column":12},"end":{"line":43,"column":56}},"22":{"start":{"line":44,"column":12},"end":{"line":44,"column":62}},"23":{"start":{"line":46,"column":12},"end":{"line":46,"column":24}},"24":{"start":{"line":49,"column":8},"end":{"line":51,"column":9}},"25":{"start":{"line":50,"column":12},"end":{"line":50,"column":71}},"26":{"start":{"line":53,"column":8},"end":{"line":53,"column":20}},"27":{"start":{"line":57,"column":33},"end":{"line":57,"column":108}},"28":{"start":{"line":58,"column":35},"end":{"line":58,"column":112}},"29":{"start":{"line":60,"column":8},"end":{"line":60,"column":60}},"30":{"start":{"line":64,"column":24},"end":{"line":64,"column":59}},"31":{"start":{"line":66,"column":8},"end":{"line":68,"column":9}},"32":{"start":{"line":67,"column":12},"end":{"line":67,"column":52}},"33":{"start":{"line":70,"column":8},"end":{"line":70,"column":50}},"34":{"start":{"line":74,"column":8},"end":{"line":86,"column":9}},"35":{"start":{"line":75,"column":12},"end":{"line":85,"column":13}},"36":{"start":{"line":76,"column":16},"end":{"line":80,"column":18}},"37":{"start":{"line":82,"column":16},"end":{"line":84,"column":18}},"38":{"start":{"line":16,"column":13},"end":{"line":16,"column":33}},"39":{"start":{"line":16,"column":13},"end":{"line":88,"column":null}}},"fnMap":{"0":{"name":"(anonymous_4)","decl":{"start":{"line":19,"column":4},"end":{"line":19,"column":null}},"loc":{"start":{"line":22,"column":85},"end":{"line":23,"column":8}}},"1":{"name":"(anonymous_5)","decl":{"start":{"line":25,"column":4},"end":{"line":25,"column":16}},"loc":{"start":{"line":25,"column":16},"end":{"line":32,"column":5}}},"2":{"name":"(anonymous_6)","decl":{"start":{"line":29,"column":20},"end":{"line":29,"column":21}},"loc":{"start":{"line":29,"column":38},"end":{"line":29,"column":94}}},"3":{"name":"(anonymous_7)","decl":{"start":{"line":30,"column":20},"end":{"line":30,"column":21}},"loc":{"start":{"line":30,"column":38},"end":{"line":30,"column":46}}},"4":{"name":"(anonymous_8)","decl":{"start":{"line":31,"column":17},"end":{"line":31,"column":18}},"loc":{"start":{"line":31,"column":35},"end":{"line":31,"column":60}}},"5":{"name":"(anonymous_9)","decl":{"start":{"line":34,"column":4},"end":{"line":34,"column":9}},"loc":{"start":{"line":34,"column":68},"end":{"line":54,"column":5}}},"6":{"name":"(anonymous_10)","decl":{"start":{"line":56,"column":12},"end":{"line":56,"column":26}},"loc":{"start":{"line":56,"column":57},"end":{"line":61,"column":5}}},"7":{"name":"(anonymous_11)","decl":{"start":{"line":63,"column":12},"end":{"line":63,"column":17}},"loc":{"start":{"line":63,"column":50},"end":{"line":71,"column":5}}},"8":{"name":"(anonymous_12)","decl":{"start":{"line":73,"column":12},"end":{"line":73,"column":28}},"loc":{"start":{"line":73,"column":81},"end":{"line":87,"column":5}}}},"branchMap":{"0":{"loc":{"start":{"line":29,"column":38},"end":{"line":29,"column":94}},"type":"binary-expr","locations":[{"start":{"line":29,"column":38},"end":{"line":29,"column":46}},{"start":{"line":29,"column":50},"end":{"line":29,"column":94}}]},"1":{"loc":{"start":{"line":39,"column":8},"end":{"line":47,"column":9}},"type":"if","locations":[{"start":{"line":39,"column":8},"end":{"line":47,"column":9}},{"start":{},"end":{}}]},"2":{"loc":{"start":{"line":49,"column":8},"end":{"line":51,"column":9}},"type":"if","locations":[{"start":{"line":49,"column":8},"end":{"line":51,"column":9}},{"start":{},"end":{}}]},"3":{"loc":{"start":{"line":57,"column":33},"end":{"line":57,"column":108}},"type":"binary-expr","locations":[{"start":{"line":57,"column":33},"end":{"line":57,"column":102}},{"start":{"line":57,"column":106},"end":{"line":57,"column":108}}]},"4":{"loc":{"start":{"line":58,"column":35},"end":{"line":58,"column":112}},"type":"binary-expr","locations":[{"start":{"line":58,"column":35},"end":{"line":58,"column":106}},{"start":{"line":58,"column":110},"end":{"line":58,"column":112}}]},"5":{"loc":{"start":{"line":83,"column":20},"end":{"line":83,"column":72}},"type":"cond-expr","locations":[{"start":{"line":83,"column":45},"end":{"line":83,"column":58}},{"start":{"line":83,"column":61},"end":{"line":83,"column":72}}]}},"s":{"0":6,"1":6,"2":6,"3":6,"4":6,"5":6,"6":28,"7":28,"8":28,"9":28,"10":28,"11":28,"12":31,"13":23,"14":22,"15":23,"16":23,"17":23,"18":23,"19":21,"20":21,"21":18,"22":18,"23":18,"24":2,"25":1,"26":1,"27":23,"28":23,"29":23,"30":21,"31":21,"32":21,"33":21,"34":21,"35":15,"36":15,"37":3,"38":6,"39":6},"f":{"0":28,"1":28,"2":31,"3":23,"4":22,"5":23,"6":23,"7":21,"8":21},"b":{"0":[31,30],"1":[21,2],"2":[1,1],"3":[23,21],"4":[23,10],"5":[3,0]}}
}
