TN:
SF:src/index.ts
FN:1,(anonymous_0)
FN:2,(anonymous_1)
FN:3,(anonymous_2)
FN:4,(anonymous_3)
FN:5,(anonymous_4)
FN:5,(anonymous_5)
FN:5,(anonymous_6)
FN:5,(anonymous_7)
FN:5,(anonymous_8)
FNF:9
FNH:9
FNDA:1,(anonymous_0)
FNDA:1,(anonymous_1)
FNDA:1,(anonymous_2)
FNDA:1,(anonymous_3)
FNDA:1,(anonymous_4)
FNDA:1,(anonymous_5)
FNDA:2,(anonymous_6)
FNDA:2,(anonymous_7)
FNDA:1,(anonymous_8)
DA:1,2
DA:2,2
DA:3,2
DA:4,2
DA:5,3
LF:5
LH:5
BRF:0
BRH:0
end_of_record
TN:
SF:src/pondsocket.ts
FN:8,(anonymous_2)
FN:10,(anonymous_3)
FNF:2
FNH:2
FNDA:2,(anonymous_2)
FNDA:2,(anonymous_3)
DA:1,1
DA:4,1
DA:7,1
DA:8,2
DA:11,2
LF:5
LH:5
BRF:0
BRH:0
end_of_record
TN:
SF:src/authorization/authorization.constants.ts
FNF:0
FNH:0
DA:1,8
DA:2,8
DA:3,8
DA:4,8
DA:5,8
DA:6,8
LF:6
LH:6
BRF:0
BRH:0
end_of_record
TN:
SF:src/authorization/authorization.context.ts
FN:11,(anonymous_0)
FN:16,(anonymous_1)
FN:20,(anonymous_2)
FN:24,(anonymous_3)
FN:32,(anonymous_4)
FN:40,(anonymous_5)
FN:44,(anonymous_6)
FN:48,(anonymous_7)
FN:62,(anonymous_8)
FNF:9
FNH:9
FNDA:42,(anonymous_0)
FNDA:3,(anonymous_1)
FNDA:2,(anonymous_2)
FNDA:2,(anonymous_3)
FNDA:2,(anonymous_4)
FNDA:25,(anonymous_5)
FNDA:25,(anonymous_6)
FNDA:38,(anonymous_7)
FNDA:7,(anonymous_8)
DA:4,8
DA:9,42
DA:12,42
DA:13,42
DA:17,3
DA:21,2
DA:25,2
DA:26,1
DA:29,1
DA:33,2
DA:34,1
DA:37,1
DA:41,25
DA:45,25
DA:49,38
DA:50,7
DA:52,31
DA:54,31
DA:55,31
DA:57,0
DA:63,7
DA:64,1
DA:67,6
DA:69,6
DA:70,3
DA:73,3
LF:26
LH:25
BRDA:25,0,0,1
BRDA:25,0,1,1
BRDA:33,1,0,1
BRDA:33,1,1,1
BRDA:49,2,0,7
BRDA:49,2,1,31
BRDA:54,3,0,31
BRDA:54,3,1,0
BRDA:63,4,0,1
BRDA:63,4,1,6
BRDA:69,5,0,3
BRDA:69,5,1,3
BRDA:69,6,0,6
BRDA:69,6,1,6
BRDA:73,7,0,3
BRDA:73,7,1,3
BRF:16
BRH:15
end_of_record
TN:
SF:src/authorization/authorization.decorators.ts
FN:22,createParamDecorator
FN:24,(anonymous_1)
FN:29,(anonymous_2)
FN:31,(anonymous_3)
FN:38,Authorizer
FN:42,CanPerform
FN:47,(anonymous_6)
FN:59,(anonymous_7)
FNF:8
FNH:6
FNDA:8,createParamDecorator
FNDA:5,(anonymous_1)
FNDA:0,(anonymous_2)
FNDA:0,(anonymous_3)
FNDA:4,Authorizer
FNDA:7,CanPerform
FNDA:2,(anonymous_6)
FNDA:2,(anonymous_7)
DA:1,3
DA:10,3
DA:11,3
DA:16,3
DA:18,3
DA:19,3
DA:22,3
DA:23,8
DA:24,5
DA:27,8
DA:29,0
DA:32,0
DA:35,8
DA:38,3
DA:39,4
DA:42,3
DA:43,7
DA:46,3
DA:48,2
DA:50,2
DA:51,1
DA:54,1
DA:58,3
DA:60,2
DA:62,2
DA:63,1
DA:66,1
LF:27
LH:25
BRDA:27,0,0,8
BRDA:27,0,1,0
BRDA:50,1,0,1
BRDA:50,1,1,1
BRDA:62,2,0,1
BRDA:62,2,1,1
BRF:6
BRH:5
end_of_record
TN:
SF:src/authorization/authorization.guards.ts
FN:7,(anonymous_2)
FN:9,(anonymous_3)
FNF:2
FNH:2
FNDA:3,(anonymous_2)
FNDA:3,(anonymous_3)
DA:1,2
DA:3,2
DA:6,2
DA:7,3
DA:10,3
LF:5
LH:5
BRF:0
BRH:0
end_of_record
TN:
SF:src/authorization/authorization.module.ts
FN:9,(anonymous_0)
FN:24,(anonymous_1)
FNF:2
FNH:2
FNDA:4,(anonymous_0)
FNDA:5,(anonymous_1)
DA:2,2
DA:4,2
DA:6,2
DA:8,2
DA:10,4
DA:15,4
DA:25,5
DA:31,5
LF:8
LH:8
BRDA:34,0,0,5
BRDA:34,0,1,4
BRF:2
BRH:2
end_of_record
TN:
SF:src/authorization/authorization.service.ts
FN:19,(anonymous_4)
FN:25,(anonymous_5)
FN:29,(anonymous_6)
FN:30,(anonymous_7)
FN:31,(anonymous_8)
FN:34,(anonymous_9)
FN:56,(anonymous_10)
FN:63,(anonymous_11)
FN:73,(anonymous_12)
FNF:9
FNH:9
FNDA:28,(anonymous_4)
FNDA:28,(anonymous_5)
FNDA:31,(anonymous_6)
FNDA:23,(anonymous_7)
FNDA:22,(anonymous_8)
FNDA:23,(anonymous_9)
FNDA:23,(anonymous_10)
FNDA:21,(anonymous_11)
FNDA:21,(anonymous_12)
DA:1,6
DA:2,6
DA:9,6
DA:11,6
DA:12,6
DA:16,6
DA:17,28
DA:20,28
DA:21,28
DA:22,28
DA:26,28
DA:28,28
DA:29,31
DA:30,23
DA:31,22
DA:35,23
DA:36,23
DA:37,23
DA:39,23
DA:40,21
DA:42,21
DA:43,18
DA:44,18
DA:46,18
DA:49,2
DA:50,1
DA:53,1
DA:57,23
DA:58,23
DA:60,23
DA:64,21
DA:66,21
DA:67,21
DA:70,21
DA:74,21
DA:75,15
DA:76,15
DA:82,3
LF:38
LH:38
BRDA:29,0,0,31
BRDA:29,0,1,30
BRDA:39,1,0,21
BRDA:39,1,1,2
BRDA:49,2,0,1
BRDA:49,2,1,1
BRDA:57,3,0,23
BRDA:57,3,1,21
BRDA:58,4,0,23
BRDA:58,4,1,10
BRDA:83,5,0,3
BRDA:83,5,1,0
BRF:12
BRH:11
end_of_record
